<?xml version="1.0" encoding="UTF-8"?>
<!-- Generated by org.testng.reporters.JUnitReportReporter -->
<testsuite hostname="DESKTOP-FQDQUC5" failures="0" tests="1" name="Madhu" time="0.011" errors="0" timestamp="2022-01-15T12:49:02 IST" skipped="0">
  <testcase classname="Madhu" name="disply" time="0.011"/>
  <system-out/>
</testsuite> <!-- Madhu -->
