<?xml version="1.0" encoding="UTF-8"?>
<!-- Generated by org.testng.reporters.JUnitReportReporter -->
<testsuite hostname="DESKTOP-FQDQUC5" failures="0" tests="3" name="TestNg_Products.Products12" time="0.026" errors="0" timestamp="2022-01-15T12:48:36 IST" skipped="0">
  <testcase classname="TestNg_Products.Products12" name="display2" time="0.012"/>
  <system-out/>
  <testcase classname="TestNg_Products.Products12" name="display" time="0.011"/>
  <system-out/>
  <testcase classname="TestNg_Products.Products12" name="display1" time="0.003"/>
  <system-out/>
</testsuite> <!-- TestNg_Products.Products12 -->
