<?xml version="1.0" encoding="UTF-8"?>
<!-- Generated by org.testng.reporters.JUnitReportReporter -->
<testsuite hostname="DESKTOP-FQDQUC5" failures="0" tests="3" name="TestNg_Users.Users" time="0.011" errors="0" timestamp="2021-12-24T13:10:59 IST" skipped="0">
  <testcase classname="TestNg_Users.Users" name="display1" time="0.003"/>
  <system-out/>
  <testcase classname="TestNg_Users.Users" name="display2" time="0.006"/>
  <system-out/>
  <testcase classname="TestNg_Users.Users" name="display" time="0.002"/>
  <system-out/>
</testsuite> <!-- TestNg_Users.Users -->
